<?xml version="1.0" encoding="UTF-8"?>
<testng-results skipped="0" failed="1" ignored="0" total="1" passed="0">
  <reporter-output>
  </reporter-output>
  <suite name="Default suite" duration-ms="7448" started-at="2020-06-04T18:35:33Z" finished-at="2020-06-04T18:35:40Z">
    <groups>
    </groups>
    <test name="Default test" duration-ms="7448" started-at="2020-06-04T18:35:33Z" finished-at="2020-06-04T18:35:40Z">
      <class name="org.task.Executable">
        <test-method status="FAIL" signature="test(java.lang.String, java.lang.String, java.lang.String, java.lang.String, java.lang.String, java.lang.String, java.lang.String)[pri:0, instance:org.task.Executable@1c386de]" name="test" duration-ms="7329" started-at="2020-06-04T18:35:33Z" data-provider="durke" finished-at="2020-06-04T18:35:40Z">
          <params>
            <param index="0">
              <value>
                <![CDATA[kalidass]]>
              </value>
            </param>
            <param index="1">
              <value>
                <![CDATA[12345@]]>
              </value>
            </param>
            <param index="2">
              <value>
                <![CDATA[Durkesh]]>
              </value>
            </param>
            <param index="3">
              <value>
                <![CDATA[Kumar]]>
              </value>
            </param>
            <param index="4">
              <value>
                <![CDATA[Chennai,TamilNadu,India]]>
              </value>
            </param>
            <param index="5">
              <value>
                <![CDATA[0987654321238765]]>
              </value>
            </param>
            <param index="6">
              <value>
                <![CDATA[090]]>
              </value>
            </param>
          </params>
          <exception class="org.openqa.selenium.SessionNotCreatedException">
            <message>
              <![CDATA[session not created: This version of ChromeDriver only supports Chrome version 80
Build info: version: '3.141.59', revision: 'e82be7d358', time: '2018-11-14T08:17:03'
System info: host: 'K_K', ip: '192.168.43.230', os.name: 'Windows 8.1', os.arch: 'x86', os.version: '6.3', java.version: '1.8.0_241'
Driver info: driver.version: ChromeDriver
remote stacktrace: Backtrace:
Ordinal0 [0x00510C83+1707139]
Ordinal0 [0x004768F1+1075441]
Ordinal0 [0x003EDFC9+516041]
Ordinal0 [0x00380554+66900]
Ordinal0 [0x0037CCE2+52450]
Ordinal0 [0x0039BFD7+180183]
Ordinal0 [0x0039BDDD+179677]
Ordinal0 [0x00399D4B+171339]
Ordinal0 [0x00381D4A+73034]
Ordinal0 [0x00382DC0+77248]
Ordinal0 [0x00382D59+77145]
Ordinal0 [0x0048BB67+1162087]
GetHandleVerifier [0x005AA966+508998]
GetHandleVerifier [0x005AA6A4+508292]
GetHandleVerifier [0x005BF7B7+594583]
GetHandleVerifier [0x005AB1D6+511158]
Ordinal0 [0x0048402C+1130540]
Ordinal0 [0x0048D4CB+1168587]
Ordinal0 [0x0048D633+1168947]
Ordinal0 [0x004A5B35+1268533]
BaseThreadInitThunk [0x752E4198+40]
RtlDeactivateActivationContext [0x7760445D+509]
RtlDeactivateActivationContext [0x7760442B+459]
]]>
            </message>
            <full-stacktrace>
              <![CDATA[org.openqa.selenium.SessionNotCreatedException: session not created: This version of ChromeDriver only supports Chrome version 80
Build info: version: '3.141.59', revision: 'e82be7d358', time: '2018-11-14T08:17:03'
System info: host: 'K_K', ip: '192.168.43.230', os.name: 'Windows 8.1', os.arch: 'x86', os.version: '6.3', java.version: '1.8.0_241'
Driver info: driver.version: ChromeDriver
remote stacktrace: Backtrace:
Ordinal0 [0x00510C83+1707139]
Ordinal0 [0x004768F1+1075441]
Ordinal0 [0x003EDFC9+516041]
Ordinal0 [0x00380554+66900]
Ordinal0 [0x0037CCE2+52450]
Ordinal0 [0x0039BFD7+180183]
Ordinal0 [0x0039BDDD+179677]
Ordinal0 [0x00399D4B+171339]
Ordinal0 [0x00381D4A+73034]
Ordinal0 [0x00382DC0+77248]
Ordinal0 [0x00382D59+77145]
Ordinal0 [0x0048BB67+1162087]
GetHandleVerifier [0x005AA966+508998]
GetHandleVerifier [0x005AA6A4+508292]
GetHandleVerifier [0x005BF7B7+594583]
GetHandleVerifier [0x005AB1D6+511158]
Ordinal0 [0x0048402C+1130540]
Ordinal0 [0x0048D4CB+1168587]
Ordinal0 [0x0048D633+1168947]
Ordinal0 [0x004A5B35+1268533]
BaseThreadInitThunk [0x752E4198+40]
RtlDeactivateActivationContext [0x7760445D+509]
RtlDeactivateActivationContext [0x7760442B+459]

at sun.reflect.NativeConstructorAccessorImpl.newInstance0(Native Method)
at sun.reflect.NativeConstructorAccessorImpl.newInstance(Unknown Source)
at sun.reflect.DelegatingConstructorAccessorImpl.newInstance(Unknown Source)
at java.lang.reflect.Constructor.newInstance(Unknown Source)
at org.openqa.selenium.remote.W3CHandshakeResponse.lambda$errorHandler$0(W3CHandshakeResponse.java:62)
at org.openqa.selenium.remote.HandshakeResponse.lambda$getResponseFunction$0(HandshakeResponse.java:30)
at org.openqa.selenium.remote.ProtocolHandshake.lambda$createSession$0(ProtocolHandshake.java:126)
at java.util.stream.ReferencePipeline$3$1.accept(Unknown Source)
at java.util.Spliterators$ArraySpliterator.tryAdvance(Unknown Source)
at java.util.stream.ReferencePipeline.forEachWithCancel(Unknown Source)
at java.util.stream.AbstractPipeline.copyIntoWithCancel(Unknown Source)
at java.util.stream.AbstractPipeline.copyInto(Unknown Source)
at java.util.stream.AbstractPipeline.wrapAndCopyInto(Unknown Source)
at java.util.stream.FindOps$FindOp.evaluateSequential(Unknown Source)
at java.util.stream.AbstractPipeline.evaluate(Unknown Source)
at java.util.stream.ReferencePipeline.findFirst(Unknown Source)
at org.openqa.selenium.remote.ProtocolHandshake.createSession(ProtocolHandshake.java:128)
at org.openqa.selenium.remote.ProtocolHandshake.createSession(ProtocolHandshake.java:74)
at org.openqa.selenium.remote.HttpCommandExecutor.execute(HttpCommandExecutor.java:136)
at org.openqa.selenium.remote.service.DriverCommandExecutor.execute(DriverCommandExecutor.java:83)
at org.openqa.selenium.remote.RemoteWebDriver.execute(RemoteWebDriver.java:552)
at org.openqa.selenium.remote.RemoteWebDriver.startSession(RemoteWebDriver.java:213)
at org.openqa.selenium.remote.RemoteWebDriver.<init>(RemoteWebDriver.java:131)
at org.openqa.selenium.chrome.ChromeDriver.<init>(ChromeDriver.java:181)
at org.openqa.selenium.chrome.ChromeDriver.<init>(ChromeDriver.java:168)
at org.openqa.selenium.chrome.ChromeDriver.<init>(ChromeDriver.java:123)
at org.task.BaseClass.launch(BaseClass.java:12)
at org.task.Executable.test(Executable.java:8)
at sun.reflect.NativeMethodAccessorImpl.invoke0(Native Method)
at sun.reflect.NativeMethodAccessorImpl.invoke(Unknown Source)
at sun.reflect.DelegatingMethodAccessorImpl.invoke(Unknown Source)
at java.lang.reflect.Method.invoke(Unknown Source)
at org.testng.internal.MethodInvocationHelper.invokeMethod(MethodInvocationHelper.java:124)
at org.testng.internal.Invoker.invokeMethod(Invoker.java:583)
at org.testng.internal.Invoker.invokeTestMethod(Invoker.java:719)
at org.testng.internal.Invoker.invokeTestMethods(Invoker.java:989)
at org.testng.internal.TestMethodWorker.invokeTestMethods(TestMethodWorker.java:125)
at org.testng.internal.TestMethodWorker.run(TestMethodWorker.java:109)
at org.testng.TestRunner.privateRun(TestRunner.java:648)
at org.testng.TestRunner.run(TestRunner.java:505)
at org.testng.SuiteRunner.runTest(SuiteRunner.java:455)
at org.testng.SuiteRunner.runSequentially(SuiteRunner.java:450)
at org.testng.SuiteRunner.privateRun(SuiteRunner.java:415)
at org.testng.SuiteRunner.run(SuiteRunner.java:364)
at org.testng.SuiteRunnerWorker.runSuite(SuiteRunnerWorker.java:52)
at org.testng.SuiteRunnerWorker.run(SuiteRunnerWorker.java:84)
at org.testng.TestNG.runSuitesSequentially(TestNG.java:1208)
at org.testng.TestNG.runSuitesLocally(TestNG.java:1137)
at org.testng.TestNG.runSuites(TestNG.java:1049)
at org.testng.TestNG.run(TestNG.java:1017)
at org.testng.remote.AbstractRemoteTestNG.run(AbstractRemoteTestNG.java:115)
at org.testng.remote.RemoteTestNG.initAndRun(RemoteTestNG.java:251)
at org.testng.remote.RemoteTestNG.main(RemoteTestNG.java:77)
]]>
            </full-stacktrace>
          </exception> <!-- org.openqa.selenium.SessionNotCreatedException -->
          <reporter-output>
          </reporter-output>
        </test-method> <!-- test -->
      </class> <!-- org.task.Executable -->
    </test> <!-- Default test -->
  </suite> <!-- Default suite -->
</testng-results>
